 ***CAUTION: Observations in this file have been updated to  1-01-2010 = (2010.000) ***
 ***CAUTION: All GPS interstation vectors have been transformed to NAD_83(2011/CORS96/2007) ***
 ***CAUTION: Observations were transformed using HTDP version 3.6.0    ***
AAA2010010120100101                                                           ZT                                        
B202101200000202101202359 5BETA OP 2.10   IGS     234 1 2 27NONE  20210213IFDDPF                                        
IIGS14_2136          IGS   20201213                                                                                     
C00020001  137555868   63 -156942453   98  -50771962  121 R0201APNNLR0201ACHCM                                          
C00030001  400582871   36 -366027047   54  -79271900   69 R0201APTAAR0201ACHCM                                          
C00040001 -573401978   37 -137323742   56 -378267191   72 R0201ASEDRR0201ACHCM                                          
C00050001 -144887389   37  413935749   57  244594020   71 R0201ASSHOR0201ACHCM                                          
C00060001-6881385002   40 7323965831   72 3341966773   80 R0201ATSWYR0201ACHCM                                          
D  1  2  9219521  1  3 -9018880  1  4  2771284  1  5  2607303  1  6 -2525200                                            
D  1  7  2853807  1  8  2601920  1  9 -2523967  1 10  2685937  1 11  2428227                                            
D  1 12 -2436209  1 13  2802260  1 14  1933861  1 15 -2301144  2  3 -9374082                                            
D  2  4  2446143  2  5  2715900  2  6 -2496316  2  7  2537489  2  8  2701400                                            
D  2  9 -2490110  2 10  2384148  2 11  2537800  2 12 -2417900  2 13  2580986                                            
D  2 14  2040063  2 15 -2330911  3  4 -2462945  3  5 -2594131  3  6  2757809                                            
D  3  7 -2541625  3  8 -2575785  3  9  2735156  3 10 -2409150  3 11 -2433152                                            
D  3 12  2679299  3 13 -2554091  3 14 -1920105  3 15  2518477  4  5  9230060                                            
D  4  6 -9055072  4  7  4738467  4  8  4326286  4  9 -4211640  4 10  4699775                                            
D  4 11  4264303  4 12 -4241222  4 13  4502517  4 14  3109434  4 15 -3704950                                            
D  5  6 -9308171  5  7  4468761  5  8  4780043  5  9 -4413588  5 10  4416855                                            
D  5 11  4701091  5 12 -4451686  5 13  4445121  5 14  3463596  5 15 -4003318                                            
D  6  7 -4332422  6  8 -4406122  6  9  4702528  6 10 -4286228  6 11 -4335920                                            
D  6 12  4738910  6 13 -4243281  6 14 -3169427  6 15  4208948  7  8  9257256                                            
D  7  9 -9071055  7 10  4659974  7 11  4217444  7 12 -4213337  7 13  4813142                                            
D  7 14  3213687  7 15 -3926202  8  9 -9344089  8 10  4255337  8 11  4531564                                            
D  8 12 -4288502  8 13  4306037  8 14  3466929  8 15 -3928090  9 10 -4136926                                            
D  9 11 -4186605  9 12  4572798  9 13 -4120441  9 14 -3194333  9 15  4139846                                            
D 10 11  9251095 10 12 -9068375 10 13  4547607 10 14  3106644 10 15 -3740824                                            
D 11 12 -9317450 11 13  4045304 11 14  3345231 11 15 -3732613 12 13 -4159951                                            
D 12 14 -3142519 12 15  4143559 13 14  7693039 13 15 -8826845 14 15 -9056462                                            
B202101210000202101212359 5BETA OP 2.10   IGS     234 1 2 27NONE  20210213IFDDPF                                        
IIGS14_2136          IGS   20201213                                                                                     
C00020001  137555868   38 -156942436   57  -50771975   72 R0211APNNLR0211ACHCM                                          
C00030001  400582875   37 -366027032   55  -79271914   70 R0211APTAAR0211ACHCM                                          
C00040001 -573401954   38 -137323713   57 -378267219   73 R0211ASEDRR0211ACHCM                                          
C00050001 -144887385   38  413935757   58  244594040   72 R0211ASSHOR0211ACHCM                                          
C00060001-6881384993   41 7323965848   73 3341966742   82 R0211ATSWYR0211ACHCM                                          
D  1  2  9261130  1  3 -9134978  1  4  4592007  1  5  4307676  1  6 -4203799                                            
D  1  7  4642808  1  8  4209934  1  9 -4121647  1 10  4493720  1 11  4046255                                            
D  1 12 -4062028  1 13  4529662  1 14  3078028  1 15 -3695086  2  3 -9365363                                            
D  2  4  4294677  2  5  4756599  2  6 -4393932  2  7  4351106  2  8  4633314                                            
D  2  9 -4295416  2 10  4217538  2 11  4476618  2 12 -4256030  2 13  4336540                                            
D  2 14  3414596  2 15 -3898432  3  4 -4194790  3  5 -4397324  3  6  4671390                                            
D  3  7 -4245893  3  8 -4284830  3  9  4561824  3 10 -4118460  3 11 -4138128                                            
D  3 12  4524736  3 13 -4206907  3 14 -3139913  3 15  4111324  4  5  9212686                                            
D  4  6 -9089113  4  7  4681428  4  8  4263202  4  9 -4175149  4 10  4648567                                            
D  4 11  4206773  4 12 -4204522  4 13  4426576  4 14  3093158  4 15 -3646518                                            
D  5  6 -9327904  5  7  4410409  5  8  4721508  5  9 -4371495  5 10  4369972                                            
D  5 11  4652826  5 12 -4415017  5 13  4369520  5 14  3452276  5 15 -3941663                                            
D  6  7 -4295471  6  8 -4358702  6  9  4644836  6 10 -4260093  6 11 -4298571                                            
D  6 12  4685416  6 13 -4186293  6 14 -3165011  6 15  4129569  7  8  9252189                                            
D  7  9 -9111024  7 10  4621127  7 11  4168728  7 12 -4188624  7 13  4768364                                            
D  7 14  3173447  7 15 -3875951  8  9 -9368945  8 10  4213280  8 11  4485384                                            
D  8 12 -4256725  8 13  4260439  8 14  3428727  8 15 -3868775  9 10 -4120727                                            
D  9 11 -4156958  9 12  4532036  9 13 -4094130  9 14 -3169114  9 15  4068298                                            
D 10 11  9215785 10 12 -9064532 10 13  4513661 10 14  3085327 10 15 -3710395                                            
D 11 12 -9332071 11 13  4000366 11 14  3320873 11 15 -3687733 12 13 -4141864                                            
D 12 14 -3131039 12 15  4093652 13 14  7690149 13 15 -8858233 14 15 -9068060                                            
B202101220000202101222359 5BETA OP 2.10   IGS     234 1 2 27NONE  20210213IFDDPF                                        
IIGS14_2136          IGS   20201213                                                                                     
C00020001  137555862   37 -156942460   55  -50771971   70 R0221APNNLR0221ACHCM                                          
C00030001  400582874   35 -366027058   53  -79271909   67 R0221APTAAR0221ACHCM                                          
C00040001 -573401978   36 -137323735   55 -378267204   69 R0221ASEDRR0221ACHCM                                          
C00050001 -144887376   36  413935764   55  244594041   69 R0221ASSHOR0221ACHCM                                          
C00060001-6881384996   39 7323965824   70 3341966769   78 R0221ATSWYR0221ACHCM                                          
D  1  2  9272692  1  3 -9102936  1  4  4653680  1  5  4376354  1  6 -4248911                                            
D  1  7  4704421  1  8  4282729  1  9 -4168253  1 10  4578297  1 11  4138971                                            
D  1 12 -4134911  1 13  4554723  1 14  3091552  1 15 -3702531  2  3 -9347801                                            
D  2  4  4350445  2  5  4809555  2  6 -4437004  2  7  4402437  2  8  4688609                                            
D  2  9 -4337592  2 10  4288063  2 11  4551270  2 12 -4322010  2 13  4354944                                            
D  2 14  3417247  2 15 -3903061  3  4 -4239176  3  5 -4452571  3  6  4736545                                            
D  3  7 -4283307  3  8 -4339396  3  9  4622968  3 10 -4178583  3 11 -4214178                                            
D  3 12  4613846  3 13 -4215258  3 14 -3143590  3 15  4132467  4  5  9231888                                            
D  4  6 -9056985  4  7  4754189  4  8  4341933  4  9 -4230177  4 10  4738980                                            
D  4 11  4298220  4 12 -4279993  4 13  4488210  4 14  3114419  4 15 -3681134                                            
D  5  6 -9313718  5  7  4483457  5  8  4794554  5  9 -4432516  5 10  4454148                                            
D  5 11  4733874  5 12 -4491340  5 13  4435278  5 14  3472857  5 15 -3984822                                            
D  6  7 -4345921  6  8 -4421003  6  9  4718023  6 10 -4325973  6 11 -4372590                                            
D  6 12  4779197  6 13 -4235205  6 14 -3182112  6 15  4186171  7  8  9259869                                            
D  7  9 -9071407  7 10  4708798  7 11  4259390  7 12 -4258690  7 13  4798040                                            
D  7 14  3197950  7 15 -3889107  8  9 -9350572  8 10  4302410  8 11  4574390                                            
D  8 12 -4335275  8 13  4294986  8 14  3443963  8 15 -3887489  9 10 -4189741                                            
D  9 11 -4236275  9 12  4624639  9 13 -4108979  9 14 -3174177  9 15  4094022                                            
D 10 11  9243360 10 12 -9063010 10 13  4569130 10 14  3137973 10 15 -3752955                                            
D 11 12 -9330760 11 13  4062009 11 14  3374549 11 15 -3741504 12 13 -4187837                                            
D 12 14 -3179477 12 15  4157852 13 14  7743218 13 15 -8849273 14 15 -9071045                                            
