 ***CAUTION: This file was processed using HTDP version 3.4.0   ***
 ***CAUTION: Coordinates in this file are in NAD_83(2011/CORS96/2007)***
 ***CAUTION: Coordinates in this file have been updated to  1-01-2010 = (2010.000) ***
000010*AA*HZTLOBS NONE  NONE DEFINED                                    20210120
000020*10*Tide Gage at Sequim WA (OP: fz2wrnta)                                 
000030*12*202101202101L  LSIGNANI                                          4WA  
000040*13*NAD 83(2011)            GRS 80          63781370002982572221          
000050*25*0001R0201ACHCMNGS003  005                                             
000060*26*BB 0201A -> OP 2021-020-A                                             
000070*26*CORS INFORMATION FROM cors_14.bin (2021-02-12T21:45:03)               
000080*27*00012101200000                                0008                    
000090*27*00012101202359                                0008                    
000100*25*0002R0201APNNLL  004  004                                             
000110*26*BB 0201A -> OP 2021-020-A                                             
000120*27*00022101201720                                0000                    
000130*27*00022101202329                                0000                    
000140*25*0003R0201APTAANGS002  006                                             
000150*26*BB 0201A -> OP 2021-020-A                                             
000160*26*CORS INFORMATION FROM cors_14.bin (2021-02-12T21:45:03)               
000170*27*00032101200000                                0008                    
000180*27*00032101202359                                0008                    
000190*25*0004R0201ASEDRNGS005  003                                             
000200*26*BB 0201A -> OP 2021-020-A                                             
000210*26*CORS INFORMATION FROM cors_14.bin (2021-02-12T21:45:03)               
000220*27*00042101200000                                0079                    
000230*27*00042101202359                                0079                    
000240*25*0005R0201ASSHONGS001  001                                             
000250*26*BB 0201A -> OP 2021-020-A                                             
000260*26*CORS INFORMATION FROM cors_14.bin (2021-02-12T21:45:03)               
000270*27*00052101200000                                0000                    
000280*27*00052101202359                                0000                    
000290*25*0006R0201ATSWYNGS006  002                                             
000300*26*BB 0201A -> OP 2021-020-A                                             
000310*26*CORS INFORMATION FROM cors_14.bin (2021-02-12T21:45:03)               
000320*27*00062101200000                                0000                    
000330*27*00062101202359                                0000                    
000340*25*0001R0211ACHCMNGS003  005                                             
000350*26*BB 0211A -> OP 2021-021-A                                             
000360*26*CORS INFORMATION FROM cors_14.bin (2021-02-12T21:45:03)               
000370*27*00012101210000                                0008                    
000380*27*00012101212359                                0008                    
000390*25*0002R0211APNNLL  004  004                                             
000400*26*BB 0211A -> OP 2021-021-A                                             
000410*27*00022101210000                                0000                    
000420*27*00022101212329                                0000                    
000430*25*0003R0211APTAANGS002  006                                             
000440*26*BB 0211A -> OP 2021-021-A                                             
000450*26*CORS INFORMATION FROM cors_14.bin (2021-02-12T21:45:03)               
000460*27*00032101210000                                0008                    
000470*27*00032101212359                                0008                    
000480*25*0004R0211ASEDRNGS005  003                                             
000490*26*BB 0211A -> OP 2021-021-A                                             
000500*26*CORS INFORMATION FROM cors_14.bin (2021-02-12T21:45:03)               
000510*27*00042101210000                                0079                    
000520*27*00042101212359                                0079                    
000530*25*0005R0211ASSHONGS001  001                                             
000540*26*BB 0211A -> OP 2021-021-A                                             
000550*26*CORS INFORMATION FROM cors_14.bin (2021-02-12T21:45:03)               
000560*27*00052101210005                                0000                    
000570*27*00052101212359                                0000                    
000580*25*0006R0211ATSWYNGS006  002                                             
000590*26*BB 0211A -> OP 2021-021-A                                             
000600*26*CORS INFORMATION FROM cors_14.bin (2021-02-12T21:45:03)               
000610*27*00062101210000                                0000                    
000620*27*00062101212359                                0000                    
000630*25*0001R0221ACHCMNGS003  005                                             
000640*26*BB 0221A -> OP 2021-022-A                                             
000650*26*CORS INFORMATION FROM cors_14.bin (2021-02-12T21:45:03)               
000660*27*00012101220000                                0008                    
000670*27*00012101222359                                0008                    
000680*25*0002R0221APNNLL  004  004                                             
000690*26*BB 0221A -> OP 2021-022-A                                             
000700*27*00022101220000                                0000                    
000710*27*00022101222329                                0000                    
000720*25*0003R0221APTAANGS002  006                                             
000730*26*BB 0221A -> OP 2021-022-A                                             
000740*26*CORS INFORMATION FROM cors_14.bin (2021-02-12T21:45:03)               
000750*27*00032101220000                                0008                    
000760*27*00032101222359                                0008                    
000770*25*0004R0221ASEDRNGS005  003                                             
000780*26*BB 0221A -> OP 2021-022-A                                             
000790*26*CORS INFORMATION FROM cors_14.bin (2021-02-12T21:45:03)               
000800*27*00042101220000                                0079                    
000810*27*00042101222359                                0079                    
000820*25*0005R0221ASSHONGS001  001                                             
000830*26*BB 0221A -> OP 2021-022-A                                             
000840*26*CORS INFORMATION FROM cors_14.bin (2021-02-12T21:45:03)               
000850*27*00052101220000                                0000                    
000860*27*00052101222359                                0000                    
000870*25*0006R0221ATSWYNGS006  002                                             
000880*26*BB 0221A -> OP 2021-022-A                                             
000890*26*CORS INFORMATION FROM cors_14.bin (2021-02-12T21:45:03)               
000900*27*00062101220000                                0000                    
000910*27*00062101222359                                0000                    
000920*70*001055      TRIMBLE NAVIGATIONDUAL CARRIER PHASE PPSALLOY   6016R40079
000930*70*002055      TRIMBLE NAVIGATIONDUAL CARRIER PHASE PPSNETR9   5543R58023
000940*70*003055      TRIMBLE NAVIGATIONDUAL CARRIER PHASE PPSNETR9   5617R50226
000950*70*004055      TRIMBLE NAVIGATIONDUAL CARRIER PHASE PPSNETR9   UNKNOWN   
000960*70*005055      TRIMBLE NAVIGATIONDUAL CARRIER PHASE PPSNETRS   4518249780
000970*70*006055      TRIMBLE NAVIGATIONDUAL CARRIER PHASE PPSNETRS   4611206657
000980*72*001   TRM115000.00    NONE        1441030910                          
000990*72*002   TRM29659.00     SCIS        0220214125                          
001000*72*003   TRM29659.00     UNAV        0220061148                          
001010*72*004   TRM57971.00     NONE        UNK                                 
001020*72*005   TRM57971.00     SCIT        1440940113                          
001030*72*006   TRM57971.00     SCIT        1441003181                          
001040*80*0002PNNL BASE ARP                 48044539318N123024234985W       WA  
001050*86*0002                                -15505A  ANAD 83(2011)            
001060*80*0001CHIMACUM SCHOOLS CORS GRP     48003820881N122463305889W       WA  
001070*86*0001    4241 L3 Y88       -217257    20688A  ANAD 83(2011)            
001080*80*0003PORT ANGELES CORS GRP         48070057177N123293963498W       WA  
001090*86*0003                                 67131A  ANAD 83(2011)            
001100*80*0004SEDR_PNGA_WA1997 CORS MON     48311759211N122132578964W       WA  
001110*86*0004    5147 K  Y88       -213347    30163A  ANAD 83(2011)            
001120*80*0005ROOSEVELT CORS ARP            47405626370N122185453171W       WA  
001130*86*0005    98169A21Y88       -237217    74455A  ANAD 83(2011)            
001140*80*0006TSWY_EBRY_WY2001 CORS ARP     43402670304N110355086506W       WY  
001150*86*0006                               2191408A  ANAD 83(2011)            
001040*91*0002            0.23      0.24 .00085843      0.37    Y               
001060*91*0001            0.23      0.23 .00075345      0.36    Y               
001080*91*0003            0.23      0.23 .00127896      0.36    Y               
001100*91*0004            0.23      0.23 .00103623      0.36    Y               
001120*91*0005            0.22      0.23 .00088207      0.36    Y               
001140*91*0006            0.23      0.24-.06166776      0.37    Y               
001040*92*0002  0003        0.06      0.04-.02559928      0.09    Y   001080    
001040*92*0002  0004        0.06      0.04-.01044735      0.09    Y   001100    
001040*92*0002  0005        0.06      0.04-.03495550      0.09    Y   001120    
001040*92*0002  0006        0.09      0.10-.47028642      0.11    Y   001140    
001060*92*0001  0002        0.06      0.04-.02471463      0.09    Y   001040    
001060*92*0001  0003        0.05      0.04-.03749650      0.08    Y   001080    
001060*92*0001  0004        0.05      0.04-.00881498      0.08    Y   001100    
001060*92*0001  0005        0.05      0.04-.03781298      0.08    Y   001120    
001060*92*0001  0006        0.08      0.09-.49376955      0.10    Y   001140    
001080*92*0003  0004        0.05      0.04-.00565867      0.08    Y   001100    
001080*92*0003  0005        0.06      0.04-.05521688      0.08    Y   001120    
001080*92*0003  0006        0.08      0.10-.50045423      0.11    Y   001140    
001100*92*0004  0005        0.06      0.04-.02012428      0.08    Y   001120    
001100*92*0004  0006        0.08      0.09-.52178254      0.11    Y   001140    
001120*92*0005  0006        0.08      0.09-.44993653      0.11    Y   001140    
      *93*   0.577   0.151                                                      
001160*AA*                                                                      
