 ***CAUTION: Observations in this file have been updated to  1-01-2010 = (2010.000) ***
 ***CAUTION: All GPS interstation vectors have been transformed to NAD_83(2011/CORS96/2007) ***
 ***CAUTION: Observations were transformed using HTDP version 3.2.9    ***
AAA2010010120100101SKAGIT AIRPORT PACS SACS                                   ZT                                        
B201110 517 9201110 522 0 1 pages v1109.23IGS     134 1 2 26WHPACI2012 626IFDDFX                                        
Iigs08_1685          IGS   20120422                                                                                     
C00020006 -152429845   11   38666164   16  -43578171   21 R2781ASEDRR2781ABVSA                                          
D  1  2  9222278  1  3 -8833174  2  3 -9289661                                                                          
B201110 517 9201110 522 9 1 pages v1109.23IGS     134 1 2 25WHPACI2012 626IFDDFX                                        
Iigs08_1685          IGS   20120422                                                                                     
C00060004  143720414    7  -46696604   11   33022288   14 R2781BBVSAR2781B0209                                          
D  1  2  8734040  1  3 -8117044  2  3 -8983606                                                                          
B201110 517 9201110 522 9 1 pages v1109.23IGS     134 1 2 25WHPACI2012 626L1DDFX                                        
Iigs08_1685          IGS   20120422                                                                                     
C00060005     796935    3    7399406    4    6081744    6 R2781CBVSAR2781CTXY3                                          
D  1  2  8845538  1  3 -8353980  2  3 -9092949                                                                          
B201110 81419201110 82057 1 pages v1109.23IGS     134 1 2 26WHPACI2012 626IFDDFX                                        
Iigs08_1685          IGS   20120422                                                                                     
C00020006 -152429779    9   38666234   13  -43578185   16 R2811ASEDRR2811ABVSA                                          
D  1  2  9222591  1  3 -8874314  2  3 -9305701                                                                          
B201110 81510201110 820 8 1 pages v1109.23IGS     134 1 2 25WHPACI2012 626IFDDPF                                        
Iigs08_1685          IGS   20120422                                                                                     
C00060004  143720400   10  -46696535   15   33022295   19 R2811BBVSAR2811B0209                                          
D  1  2  9082499  1  3 -8676777  2  3 -9225080                                                                          
B201110 81434201110 82048 1 pages v1109.23IGS     134 1 2 25WHPACI2012 626L1DDFX                                        
Iigs08_1685          IGS   20120422                                                                                     
C00060005     796872    3    7399340    4    6081702    5 R2811CBVSAR2811CTXY3                                          
D  1  2  8895522  1  3 -8468069  2  3 -9037687                                                                          
